[debug] [2021-11-14T04:29:19.170Z] ----------------------------------------------------------------------
[debug] [2021-11-14T04:29:19.173Z] Command:       C:\Program Files\nodejs\node.exe C:\Users\Admin\AppData\Roaming\npm\node_modules\firebase-tools\lib\bin\firebase.js init
[debug] [2021-11-14T04:29:19.174Z] CLI Version:   9.21.0
[debug] [2021-11-14T04:29:19.174Z] Platform:      win32
[debug] [2021-11-14T04:29:19.174Z] Node Version:  v16.4.2
[debug] [2021-11-14T04:29:19.176Z] Time:          Sun Nov 14 2021 09:59:19 GMT+0530 (India Standard Time)
[debug] [2021-11-14T04:29:19.176Z] ----------------------------------------------------------------------
[debug] 
[debug] [2021-11-14T04:29:19.180Z] >>> [apiv2][query] GET https://firebase-public.firebaseio.com/cli.json [none]
[debug] [2021-11-14T04:29:19.280Z] > command requires scopes: ["email","openid","https://www.googleapis.com/auth/cloudplatformprojects.readonly","https://www.googleapis.com/auth/firebase","https://www.googleapis.com/auth/cloud-platform"]
[debug] [2021-11-14T04:29:19.281Z] > authorizing via signed-in user (om1kumar236@gmail.com)
[info] 
     ######## #### ########  ######## ########     ###     ######  ########
     ##        ##  ##     ## ##       ##     ##  ##   ##  ##       ##
     ######    ##  ########  ######   ########  #########  ######  ######
     ##        ##  ##    ##  ##       ##     ## ##     ##       ## ##
     ##       #### ##     ## ######## ########  ##     ##  ######  ########

You're about to initialize a Firebase project in this directory:

  D:\native\signal-clone-yt

Before we get started, keep in mind:

  * You are initializing within an existing Firebase project directory

[debug] [2021-11-14T04:29:20.385Z] <<< [apiv2][status] GET https://firebase-public.firebaseio.com/cli.json 200
[debug] [2021-11-14T04:29:20.386Z] <<< [apiv2][body] GET https://firebase-public.firebaseio.com/cli.json {"cloudBuildErrorAfter":1594252800000,"cloudBuildWarnAfter":1590019200000,"defaultNode10After":1594252800000,"minVersion":"3.0.5","node8DeploysDisabledAfter":1613390400000,"node8RuntimeDisabledAfter":1615809600000,"node8WarnAfter":1600128000000}
